2023-05-10 10:37:28 [INFO] 초기화 필터 생성
2023-05-10 10:37:37 [INFO] 후처리 수행
2023-05-10 10:37:39 [INFO] View단 처리 완료 후 수행
2023-05-10 10:37:40 [INFO] 후처리 수행
2023-05-10 10:37:40 [INFO] View단 처리 완료 후 수행
2023-05-10 10:37:47 [INFO] 후처리 수행
2023-05-10 10:37:47 [INFO] View단 처리 완료 후 수행
2023-05-10 10:37:47 [INFO] 후처리 수행
2023-05-10 10:37:47 [INFO] View단 처리 완료 후 수행
2023-05-10 10:37:48 [INFO] 후처리 수행
2023-05-10 10:37:50 [INFO] View단 처리 완료 후 수행
2023-05-10 10:37:57 [INFO] 후처리 수행
2023-05-10 10:37:57 [INFO] View단 처리 완료 후 수행
2023-05-10 10:37:58 [INFO] 후처리 수행
2023-05-10 10:37:58 [INFO] View단 처리 완료 후 수행
2023-05-10 10:37:59 [INFO] 후처리 수행
2023-05-10 10:37:59 [INFO] View단 처리 완료 후 수행
2023-05-10 10:38:00 [INFO] 후처리 수행
2023-05-10 10:38:00 [INFO] View단 처리 완료 후 수행
2023-05-10 10:38:03 [INFO] 후처리 수행
2023-05-10 10:38:03 [INFO] View단 처리 완료 후 수행
2023-05-10 10:38:03 [INFO] 후처리 수행
2023-05-10 10:38:03 [INFO] View단 처리 완료 후 수행
2023-05-10 10:38:04 [INFO] 후처리 수행
2023-05-10 10:38:04 [INFO] View단 처리 완료 후 수행
2023-05-10 10:38:06 [INFO] 후처리 수행
2023-05-10 10:38:06 [INFO] View단 처리 완료 후 수행
2023-05-10 10:38:07 [INFO] 후처리 수행
2023-05-10 10:38:07 [INFO] View단 처리 완료 후 수행
2023-05-10 10:38:07 [INFO] 후처리 수행
2023-05-10 10:38:07 [INFO] View단 처리 완료 후 수행
2023-05-10 10:38:12 [INFO] 로그인 기능 수행됨
2023-05-10 10:38:12 [DEBUG] pass01! / $2a$10$/KreXQcX449SpeavETmRIO94A/VdxXPi9BmQ8.vOJBs.4Nn6Dnlnu
2023-05-10 10:38:12 [INFO] 후처리 수행
2023-05-10 10:38:12 [INFO] View단 처리 완료 후 수행
2023-05-10 10:38:13 [INFO] 후처리 수행
2023-05-10 10:38:13 [INFO] View단 처리 완료 후 수행
2023-05-10 10:38:15 [INFO] 후처리 수행
2023-05-10 10:38:16 [INFO] View단 처리 완료 후 수행
2023-05-10 10:38:16 [INFO] 후처리 수행
2023-05-10 10:38:16 [INFO] View단 처리 완료 후 수행
2023-05-10 10:44:50 [INFO] 초기화 필터 파괴
2023-05-10 10:45:35 [INFO] 초기화 필터 생성
2023-05-10 10:45:40 [INFO] 후처리 수행
2023-05-10 10:45:40 [INFO] View단 처리 완료 후 수행
2023-05-10 10:45:40 [INFO] 후처리 수행
2023-05-10 10:45:40 [INFO] View단 처리 완료 후 수행
2023-05-10 10:45:43 [INFO] 후처리 수행
2023-05-10 10:45:43 [INFO] View단 처리 완료 후 수행
2023-05-10 10:45:44 [INFO] 후처리 수행
2023-05-10 10:45:44 [INFO] View단 처리 완료 후 수행
2023-05-10 10:45:46 [INFO] 후처리 수행
2023-05-10 10:45:46 [INFO] View단 처리 완료 후 수행
2023-05-10 10:45:48 [INFO] 후처리 수행
2023-05-10 10:45:48 [INFO] View단 처리 완료 후 수행
2023-05-10 10:45:56 [INFO] 후처리 수행
2023-05-10 10:45:56 [INFO] View단 처리 완료 후 수행
2023-05-10 10:45:56 [INFO] 후처리 수행
2023-05-10 10:45:56 [INFO] View단 처리 완료 후 수행
2023-05-10 10:46:01 [INFO] 로그인 기능 수행됨
2023-05-10 10:46:01 [DEBUG] pass01! / $2a$10$Z80owb7u2bQVtlr8uW.nVuMnXrSpepOAKei9Log.GYvUKtCWd.EbC
2023-05-10 10:46:01 [INFO] 후처리 수행
2023-05-10 10:46:01 [INFO] View단 처리 완료 후 수행
2023-05-10 10:46:01 [INFO] 후처리 수행
2023-05-10 10:46:01 [INFO] View단 처리 완료 후 수행
2023-05-10 10:46:03 [INFO] 후처리 수행
2023-05-10 10:46:03 [INFO] View단 처리 완료 후 수행
2023-05-10 10:46:03 [INFO] 후처리 수행
2023-05-10 10:46:03 [INFO] View단 처리 완료 후 수행
2023-05-10 10:46:06 [INFO] 후처리 수행
2023-05-10 10:46:06 [INFO] View단 처리 완료 후 수행
2023-05-10 10:46:07 [INFO] 후처리 수행
2023-05-10 10:46:07 [INFO] View단 처리 완료 후 수행
2023-05-10 10:46:08 [INFO] 후처리 수행
2023-05-10 10:46:08 [INFO] View단 처리 완료 후 수행
2023-05-10 10:46:10 [INFO] 후처리 수행
2023-05-10 10:46:10 [INFO] View단 처리 완료 후 수행
2023-05-10 10:46:11 [INFO] 후처리 수행
2023-05-10 10:46:11 [INFO] View단 처리 완료 후 수행
2023-05-10 10:46:57 [INFO] 후처리 수행
2023-05-10 10:46:57 [INFO] View단 처리 완료 후 수행
2023-05-10 10:46:59 [INFO] 후처리 수행
2023-05-10 10:46:59 [INFO] View단 처리 완료 후 수행
2023-05-10 10:47:05 [INFO] 후처리 수행
2023-05-10 10:47:05 [INFO] View단 처리 완료 후 수행
2023-05-10 10:47:06 [INFO] 후처리 수행
2023-05-10 10:47:06 [INFO] View단 처리 완료 후 수행
2023-05-10 10:47:07 [INFO] 후처리 수행
2023-05-10 10:47:07 [INFO] View단 처리 완료 후 수행
2023-05-10 10:47:08 [INFO] 후처리 수행
2023-05-10 10:47:08 [INFO] View단 처리 완료 후 수행
2023-05-10 10:50:14 [INFO] 초기화 필터 파괴
2023-05-10 10:50:53 [INFO] 초기화 필터 생성
2023-05-10 10:50:59 [INFO] 후처리 수행
2023-05-10 10:50:59 [INFO] View단 처리 완료 후 수행
2023-05-10 10:50:59 [INFO] 후처리 수행
2023-05-10 10:50:59 [INFO] View단 처리 완료 후 수행
2023-05-10 10:51:00 [INFO] 후처리 수행
2023-05-10 10:51:01 [INFO] View단 처리 완료 후 수행
2023-05-10 10:51:01 [INFO] 후처리 수행
2023-05-10 10:51:02 [INFO] View단 처리 완료 후 수행
2023-05-10 10:51:06 [INFO] 후처리 수행
2023-05-10 10:51:06 [INFO] View단 처리 완료 후 수행
2023-05-10 10:51:06 [INFO] 후처리 수행
2023-05-10 10:51:06 [INFO] View단 처리 완료 후 수행
2023-05-10 10:51:11 [INFO] 로그인 기능 수행됨
2023-05-10 10:51:11 [DEBUG] pass01! / $2a$10$uDjHNrcgk3AlI0ZT2a5Eq.wCnFTpYgxFz0KlczKclhDIjqTiAy6E.
2023-05-10 10:51:11 [INFO] 후처리 수행
2023-05-10 10:51:11 [INFO] View단 처리 완료 후 수행
2023-05-10 10:51:11 [INFO] 후처리 수행
2023-05-10 10:51:11 [INFO] View단 처리 완료 후 수행
2023-05-10 10:51:13 [INFO] 후처리 수행
2023-05-10 10:51:13 [INFO] View단 처리 완료 후 수행
2023-05-10 10:51:14 [INFO] 후처리 수행
2023-05-10 10:51:14 [INFO] View단 처리 완료 후 수행
2023-05-10 10:51:17 [INFO] 후처리 수행
2023-05-10 10:51:17 [INFO] View단 처리 완료 후 수행
2023-05-10 10:52:55 [INFO] 후처리 수행
2023-05-10 10:52:55 [INFO] View단 처리 완료 후 수행
2023-05-10 10:53:14 [INFO] 후처리 수행
2023-05-10 10:53:14 [INFO] View단 처리 완료 후 수행
2023-05-10 10:53:14 [INFO] 후처리 수행
2023-05-10 10:53:14 [INFO] View단 처리 완료 후 수행
2023-05-10 10:53:14 [INFO] 후처리 수행
2023-05-10 10:53:14 [INFO] View단 처리 완료 후 수행
2023-05-10 10:53:14 [INFO] 후처리 수행
2023-05-10 10:53:14 [INFO] View단 처리 완료 후 수행
2023-05-10 10:53:14 [INFO] 후처리 수행
2023-05-10 10:53:14 [INFO] View단 처리 완료 후 수행
2023-05-10 10:53:14 [INFO] 후처리 수행
2023-05-10 10:53:14 [INFO] View단 처리 완료 후 수행
2023-05-10 10:53:14 [INFO] 후처리 수행
2023-05-10 10:53:14 [INFO] View단 처리 완료 후 수행
2023-05-10 10:53:14 [INFO] 후처리 수행
2023-05-10 10:53:14 [INFO] View단 처리 완료 후 수행
2023-05-10 10:53:14 [INFO] 후처리 수행
2023-05-10 10:53:14 [INFO] View단 처리 완료 후 수행
2023-05-10 10:53:14 [INFO] 후처리 수행
2023-05-10 10:53:14 [INFO] View단 처리 완료 후 수행
2023-05-10 10:53:14 [INFO] 후처리 수행
2023-05-10 10:53:14 [INFO] View단 처리 완료 후 수행
2023-05-10 10:53:14 [INFO] 후처리 수행
2023-05-10 10:53:14 [INFO] View단 처리 완료 후 수행
2023-05-10 10:53:14 [INFO] 후처리 수행
2023-05-10 10:53:14 [INFO] View단 처리 완료 후 수행
2023-05-10 10:53:15 [INFO] View단 처리 완료 후 수행
2023-05-10 10:53:16 [INFO] 후처리 수행
2023-05-10 10:53:16 [INFO] View단 처리 완료 후 수행
2023-05-10 10:53:16 [INFO] 후처리 수행
2023-05-10 10:53:16 [INFO] 후처리 수행
2023-05-10 10:53:16 [INFO] View단 처리 완료 후 수행
2023-05-10 10:53:16 [INFO] View단 처리 완료 후 수행
2023-05-10 10:53:16 [INFO] 후처리 수행
2023-05-10 10:53:16 [INFO] View단 처리 완료 후 수행
2023-05-10 10:53:16 [INFO] 후처리 수행
2023-05-10 10:53:16 [INFO] View단 처리 완료 후 수행
2023-05-10 10:53:16 [INFO] 후처리 수행
2023-05-10 10:53:16 [INFO] View단 처리 완료 후 수행
2023-05-10 10:53:16 [INFO] 후처리 수행
2023-05-10 10:53:16 [INFO] View단 처리 완료 후 수행
2023-05-10 10:53:16 [INFO] 후처리 수행
2023-05-10 10:53:16 [INFO] View단 처리 완료 후 수행
2023-05-10 10:53:16 [INFO] 후처리 수행
2023-05-10 10:53:16 [INFO] View단 처리 완료 후 수행
2023-05-10 10:53:16 [INFO] 후처리 수행
2023-05-10 10:53:16 [INFO] View단 처리 완료 후 수행
2023-05-10 10:53:16 [INFO] 후처리 수행
2023-05-10 10:53:16 [INFO] View단 처리 완료 후 수행
2023-05-10 10:53:16 [INFO] 후처리 수행
2023-05-10 10:53:16 [INFO] View단 처리 완료 후 수행
2023-05-10 10:53:16 [INFO] 후처리 수행
2023-05-10 10:53:16 [INFO] View단 처리 완료 후 수행
2023-05-10 10:53:16 [INFO] View단 처리 완료 후 수행
2023-05-10 10:53:17 [INFO] 후처리 수행
2023-05-10 10:53:17 [INFO] View단 처리 완료 후 수행
2023-05-10 10:53:17 [INFO] 후처리 수행
2023-05-10 10:53:17 [INFO] View단 처리 완료 후 수행
2023-05-10 10:53:17 [INFO] 후처리 수행
2023-05-10 10:53:17 [INFO] View단 처리 완료 후 수행
2023-05-10 10:53:17 [INFO] 후처리 수행
2023-05-10 10:53:17 [INFO] View단 처리 완료 후 수행
2023-05-10 10:53:17 [INFO] 후처리 수행
2023-05-10 10:53:17 [INFO] View단 처리 완료 후 수행
2023-05-10 10:53:17 [INFO] 후처리 수행
2023-05-10 10:53:17 [INFO] 후처리 수행
2023-05-10 10:53:17 [INFO] View단 처리 완료 후 수행
2023-05-10 10:53:17 [INFO] 후처리 수행
2023-05-10 10:53:17 [INFO] View단 처리 완료 후 수행
2023-05-10 10:53:17 [INFO] 후처리 수행
2023-05-10 10:53:17 [INFO] View단 처리 완료 후 수행
2023-05-10 10:53:17 [INFO] View단 처리 완료 후 수행
2023-05-10 10:53:17 [INFO] 후처리 수행
2023-05-10 10:53:17 [INFO] View단 처리 완료 후 수행
2023-05-10 10:53:17 [INFO] 후처리 수행
2023-05-10 10:53:17 [INFO] View단 처리 완료 후 수행
2023-05-10 10:53:17 [INFO] 후처리 수행
2023-05-10 10:53:17 [INFO] View단 처리 완료 후 수행
2023-05-10 10:53:17 [INFO] 후처리 수행
2023-05-10 10:53:17 [INFO] View단 처리 완료 후 수행
2023-05-10 10:53:17 [INFO] View단 처리 완료 후 수행
2023-05-10 10:57:40 [INFO] 초기화 필터 파괴
2023-05-10 10:58:33 [INFO] 초기화 필터 생성
2023-05-10 10:58:39 [INFO] 후처리 수행
2023-05-10 10:58:39 [INFO] View단 처리 완료 후 수행
2023-05-10 10:58:39 [INFO] 후처리 수행
2023-05-10 10:58:39 [INFO] View단 처리 완료 후 수행
2023-05-10 10:58:41 [INFO] 후처리 수행
2023-05-10 10:58:41 [INFO] View단 처리 완료 후 수행
2023-05-10 10:58:42 [INFO] 후처리 수행
2023-05-10 10:58:42 [INFO] View단 처리 완료 후 수행
2023-05-10 10:58:42 [INFO] 후처리 수행
2023-05-10 10:58:42 [INFO] View단 처리 완료 후 수행
2023-05-10 10:58:43 [INFO] View단 처리 완료 후 수행
2023-05-10 11:00:38 [INFO] 초기화 필터 생성
2023-05-10 11:00:45 [INFO] 후처리 수행
2023-05-10 11:00:45 [INFO] View단 처리 완료 후 수행
2023-05-10 11:00:45 [INFO] 후처리 수행
2023-05-10 11:00:45 [INFO] View단 처리 완료 후 수행
2023-05-10 11:00:47 [INFO] 후처리 수행
2023-05-10 11:00:47 [INFO] View단 처리 완료 후 수행
2023-05-10 11:00:49 [INFO] 후처리 수행
2023-05-10 11:00:49 [INFO] View단 처리 완료 후 수행
2023-05-10 11:00:49 [INFO] 후처리 수행
2023-05-10 11:00:49 [INFO] View단 처리 완료 후 수행
2023-05-10 11:00:49 [INFO] View단 처리 완료 후 수행
2023-05-10 11:02:43 [INFO] 초기화 필터 생성
2023-05-10 11:02:49 [INFO] 후처리 수행
2023-05-10 11:02:49 [INFO] View단 처리 완료 후 수행
2023-05-10 11:02:50 [INFO] 후처리 수행
2023-05-10 11:02:50 [INFO] View단 처리 완료 후 수행
2023-05-10 11:02:58 [INFO] 후처리 수행
2023-05-10 11:02:58 [INFO] View단 처리 완료 후 수행
2023-05-10 11:02:59 [INFO] 후처리 수행
2023-05-10 11:02:59 [INFO] View단 처리 완료 후 수행
2023-05-10 11:02:59 [INFO] 후처리 수행
2023-05-10 11:02:59 [INFO] View단 처리 완료 후 수행
2023-05-10 11:03:00 [INFO] View단 처리 완료 후 수행
2023-05-10 11:08:52 [INFO] 초기화 필터 생성
2023-05-10 11:08:58 [INFO] 후처리 수행
2023-05-10 11:08:58 [INFO] View단 처리 완료 후 수행
2023-05-10 11:08:58 [INFO] 후처리 수행
2023-05-10 11:08:58 [INFO] View단 처리 완료 후 수행
2023-05-10 11:09:02 [INFO] 후처리 수행
2023-05-10 11:09:02 [INFO] View단 처리 완료 후 수행
2023-05-10 11:09:03 [INFO] 후처리 수행
2023-05-10 11:09:03 [INFO] View단 처리 완료 후 수행
2023-05-10 11:09:04 [INFO] 후처리 수행
2023-05-10 11:09:04 [INFO] View단 처리 완료 후 수행
2023-05-10 11:09:04 [INFO] View단 처리 완료 후 수행
2023-05-10 11:09:34 [INFO] 초기화 필터 파괴
2023-05-10 11:10:01 [INFO] 초기화 필터 생성
2023-05-10 11:10:07 [INFO] 후처리 수행
2023-05-10 11:10:07 [INFO] View단 처리 완료 후 수행
2023-05-10 11:10:07 [INFO] 후처리 수행
2023-05-10 11:10:07 [INFO] View단 처리 완료 후 수행
2023-05-10 11:10:09 [INFO] 후처리 수행
2023-05-10 11:10:09 [INFO] View단 처리 완료 후 수행
2023-05-10 11:10:10 [INFO] 후처리 수행
2023-05-10 11:10:10 [INFO] View단 처리 완료 후 수행
2023-05-10 11:10:11 [DEBUG] 500boardNo
2023-05-10 11:10:11 [INFO] 후처리 수행
2023-05-10 11:10:11 [INFO] View단 처리 완료 후 수행
2023-05-10 11:10:24 [INFO] 후처리 수행
2023-05-10 11:10:24 [INFO] View단 처리 완료 후 수행
2023-05-10 11:10:26 [INFO] 후처리 수행
2023-05-10 11:10:26 [INFO] View단 처리 완료 후 수행
2023-05-10 11:10:26 [DEBUG] 500boardNo
2023-05-10 11:10:26 [INFO] 후처리 수행
2023-05-10 11:10:26 [INFO] View단 처리 완료 후 수행
2023-05-10 11:10:35 [INFO] 후처리 수행
2023-05-10 11:10:35 [INFO] View단 처리 완료 후 수행
2023-05-10 11:10:35 [INFO] 후처리 수행
2023-05-10 11:10:35 [INFO] View단 처리 완료 후 수행
2023-05-10 11:10:40 [INFO] 로그인 기능 수행됨
2023-05-10 11:10:40 [DEBUG] pass01! / $2a$10$Jc5A8UkQRneXo/YC8U.dzuZ4NUWqreAS26BXsgEbPIpepI93wKiOy
2023-05-10 11:10:41 [INFO] 후처리 수행
2023-05-10 11:10:41 [INFO] View단 처리 완료 후 수행
2023-05-10 11:10:41 [INFO] 후처리 수행
2023-05-10 11:10:41 [INFO] View단 처리 완료 후 수행
2023-05-10 11:10:42 [INFO] 후처리 수행
2023-05-10 11:10:42 [INFO] View단 처리 완료 후 수행
2023-05-10 11:10:43 [INFO] 후처리 수행
2023-05-10 11:10:43 [INFO] View단 처리 완료 후 수행
2023-05-10 11:10:43 [INFO] 후처리 수행
2023-05-10 11:10:43 [INFO] View단 처리 완료 후 수행
2023-05-10 11:10:44 [DEBUG] 500boardNo
2023-05-10 11:10:44 [INFO] 후처리 수행
2023-05-10 11:10:44 [INFO] View단 처리 완료 후 수행
2023-05-10 11:14:00 [INFO] 초기화 필터 파괴
2023-05-10 11:14:22 [INFO] 초기화 필터 생성
2023-05-10 11:14:27 [INFO] 후처리 수행
2023-05-10 11:14:27 [INFO] View단 처리 완료 후 수행
2023-05-10 11:14:28 [INFO] 후처리 수행
2023-05-10 11:14:28 [INFO] View단 처리 완료 후 수행
2023-05-10 11:14:30 [INFO] 후처리 수행
2023-05-10 11:14:30 [INFO] View단 처리 완료 후 수행
2023-05-10 11:14:32 [INFO] 후처리 수행
2023-05-10 11:14:32 [INFO] View단 처리 완료 후 수행
2023-05-10 11:14:32 [INFO] 후처리 수행
2023-05-10 11:14:32 [INFO] View단 처리 완료 후 수행
2023-05-10 11:14:32 [DEBUG] 500boardNo
2023-05-10 11:14:32 [INFO] 후처리 수행
2023-05-10 11:14:32 [INFO] View단 처리 완료 후 수행
2023-05-10 11:15:43 [INFO] 초기화 필터 파괴
2023-05-10 11:19:42 [INFO] 초기화 필터 생성
2023-05-10 11:19:48 [INFO] 후처리 수행
2023-05-10 11:19:48 [INFO] View단 처리 완료 후 수행
2023-05-10 11:19:48 [INFO] 후처리 수행
2023-05-10 11:19:48 [INFO] View단 처리 완료 후 수행
2023-05-10 11:19:50 [INFO] 후처리 수행
2023-05-10 11:19:50 [INFO] View단 처리 완료 후 수행
2023-05-10 11:19:51 [INFO] 후처리 수행
2023-05-10 11:19:51 [INFO] View단 처리 완료 후 수행
2023-05-10 11:19:51 [INFO] 후처리 수행
2023-05-10 11:19:51 [INFO] View단 처리 완료 후 수행
2023-05-10 11:19:52 [INFO] View단 처리 완료 후 수행
2023-05-10 11:20:10 [INFO] 초기화 필터 파괴
2023-05-10 11:22:17 [INFO] 초기화 필터 생성
2023-05-10 11:22:22 [INFO] 후처리 수행
2023-05-10 11:22:22 [INFO] View단 처리 완료 후 수행
2023-05-10 11:22:22 [INFO] 후처리 수행
2023-05-10 11:22:22 [INFO] View단 처리 완료 후 수행
2023-05-10 11:22:24 [INFO] 후처리 수행
2023-05-10 11:22:24 [INFO] View단 처리 완료 후 수행
2023-05-10 11:22:25 [INFO] 후처리 수행
2023-05-10 11:22:25 [INFO] View단 처리 완료 후 수행
2023-05-10 11:22:26 [DEBUG] 500boardNo
2023-05-10 11:22:26 [INFO] 후처리 수행
2023-05-10 11:22:26 [INFO] View단 처리 완료 후 수행
2023-05-10 11:22:55 [INFO] 후처리 수행
2023-05-10 11:22:55 [INFO] View단 처리 완료 후 수행
2023-05-10 11:23:00 [INFO] 후처리 수행
2023-05-10 11:23:00 [INFO] View단 처리 완료 후 수행
2023-05-10 11:23:00 [INFO] 후처리 수행
2023-05-10 11:23:00 [INFO] View단 처리 완료 후 수행
2023-05-10 11:23:00 [DEBUG] 500boardNo
2023-05-10 11:23:00 [INFO] 후처리 수행
2023-05-10 11:23:00 [INFO] View단 처리 완료 후 수행
2023-05-10 11:37:18 [INFO] 초기화 필터 파괴
2023-05-10 11:37:38 [INFO] 초기화 필터 생성
2023-05-10 11:37:43 [INFO] 후처리 수행
2023-05-10 11:37:43 [INFO] View단 처리 완료 후 수행
2023-05-10 11:37:43 [INFO] 후처리 수행
2023-05-10 11:37:43 [INFO] View단 처리 완료 후 수행
2023-05-10 11:37:44 [INFO] 후처리 수행
2023-05-10 11:37:44 [INFO] View단 처리 완료 후 수행
2023-05-10 11:37:45 [INFO] 후처리 수행
2023-05-10 11:37:46 [INFO] View단 처리 완료 후 수행
2023-05-10 11:37:47 [INFO] 후처리 수행
2023-05-10 11:37:47 [INFO] View단 처리 완료 후 수행
2023-05-10 11:37:47 [INFO] 후처리 수행
2023-05-10 11:37:47 [INFO] View단 처리 완료 후 수행
2023-05-10 11:37:47 [DEBUG] 500boardNo
2023-05-10 11:37:47 [INFO] 후처리 수행
2023-05-10 11:37:47 [INFO] View단 처리 완료 후 수행
2023-05-10 11:44:00 [INFO] 후처리 수행
2023-05-10 11:44:00 [INFO] View단 처리 완료 후 수행
2023-05-10 11:44:00 [INFO] 후처리 수행
2023-05-10 11:44:00 [INFO] View단 처리 완료 후 수행
2023-05-10 11:44:10 [INFO] 후처리 수행
2023-05-10 11:44:10 [INFO] View단 처리 완료 후 수행
2023-05-10 11:44:12 [INFO] 로그인 기능 수행됨
2023-05-10 11:44:12 [DEBUG] pass01! / $2a$10$B4DPaLIsKqiCz4nhKQafbelp9t6JohEZ0oM3yCST3.a1m.DVQ0aPq
2023-05-10 11:44:12 [INFO] 후처리 수행
2023-05-10 11:44:12 [INFO] View단 처리 완료 후 수행
2023-05-10 11:44:12 [INFO] 후처리 수행
2023-05-10 11:44:12 [INFO] View단 처리 완료 후 수행
2023-05-10 11:44:13 [INFO] 후처리 수행
2023-05-10 11:44:13 [INFO] View단 처리 완료 후 수행
2023-05-10 11:44:15 [INFO] 후처리 수행
2023-05-10 11:44:15 [INFO] View단 처리 완료 후 수행
2023-05-10 11:44:15 [INFO] 후처리 수행
2023-05-10 11:44:15 [INFO] View단 처리 완료 후 수행
2023-05-10 11:44:15 [DEBUG] 500boardNo
2023-05-10 11:44:15 [INFO] 후처리 수행
2023-05-10 11:44:15 [INFO] View단 처리 완료 후 수행
2023-05-10 11:47:35 [INFO] 초기화 필터 생성
2023-05-10 11:47:40 [INFO] 후처리 수행
2023-05-10 11:47:40 [INFO] View단 처리 완료 후 수행
2023-05-10 11:47:41 [INFO] 후처리 수행
2023-05-10 11:47:41 [INFO] View단 처리 완료 후 수행
2023-05-10 11:47:42 [INFO] 후처리 수행
2023-05-10 11:47:42 [INFO] View단 처리 완료 후 수행
2023-05-10 11:47:43 [INFO] 후처리 수행
2023-05-10 11:47:43 [INFO] View단 처리 완료 후 수행
2023-05-10 11:47:44 [DEBUG] 500boardNo
2023-05-10 11:47:44 [INFO] 후처리 수행
2023-05-10 11:47:44 [INFO] View단 처리 완료 후 수행
2023-05-10 11:47:50 [INFO] 후처리 수행
2023-05-10 11:47:50 [INFO] View단 처리 완료 후 수행
2023-05-10 11:47:50 [INFO] 후처리 수행
2023-05-10 11:47:50 [INFO] 후처리 수행
2023-05-10 11:47:50 [INFO] View단 처리 완료 후 수행
2023-05-10 11:47:50 [INFO] View단 처리 완료 후 수행
2023-05-10 11:47:50 [INFO] 후처리 수행
2023-05-10 11:47:50 [INFO] View단 처리 완료 후 수행
2023-05-10 11:47:50 [INFO] 후처리 수행
2023-05-10 11:47:50 [INFO] View단 처리 완료 후 수행
2023-05-10 11:47:50 [INFO] 후처리 수행
2023-05-10 11:47:50 [INFO] View단 처리 완료 후 수행
2023-05-10 11:47:51 [INFO] 후처리 수행
2023-05-10 11:47:51 [INFO] View단 처리 완료 후 수행
2023-05-10 11:47:51 [INFO] 후처리 수행
2023-05-10 11:47:51 [INFO] View단 처리 완료 후 수행
2023-05-10 11:47:51 [INFO] 후처리 수행
2023-05-10 11:47:51 [INFO] View단 처리 완료 후 수행
2023-05-10 11:47:51 [INFO] 후처리 수행
2023-05-10 11:47:51 [INFO] View단 처리 완료 후 수행
2023-05-10 11:47:51 [INFO] 후처리 수행
2023-05-10 11:47:51 [INFO] View단 처리 완료 후 수행
2023-05-10 11:47:51 [INFO] 후처리 수행
2023-05-10 11:47:51 [INFO] View단 처리 완료 후 수행
2023-05-10 11:47:51 [INFO] 후처리 수행
2023-05-10 11:47:51 [INFO] View단 처리 완료 후 수행
2023-05-10 11:47:51 [DEBUG] 500boardNo
2023-05-10 11:47:51 [INFO] 후처리 수행
2023-05-10 11:47:51 [INFO] View단 처리 완료 후 수행
2023-05-10 11:48:04 [INFO] 후처리 수행
2023-05-10 11:48:04 [INFO] View단 처리 완료 후 수행
2023-05-10 11:48:04 [INFO] 후처리 수행
2023-05-10 11:48:04 [INFO] View단 처리 완료 후 수행
2023-05-10 11:48:10 [INFO] 로그인 기능 수행됨
2023-05-10 11:48:10 [DEBUG] pass01! / $2a$10$6O2.fT/PmlgU9leC8annO.zEKd75gNIquF6QL4vkbDMyhN3q36cKm
2023-05-10 11:48:10 [INFO] 후처리 수행
2023-05-10 11:48:10 [INFO] View단 처리 완료 후 수행
2023-05-10 11:48:10 [INFO] 후처리 수행
2023-05-10 11:48:10 [INFO] View단 처리 완료 후 수행
2023-05-10 11:48:11 [INFO] 후처리 수행
2023-05-10 11:48:11 [INFO] View단 처리 완료 후 수행
2023-05-10 11:48:11 [INFO] 후처리 수행
2023-05-10 11:48:11 [INFO] View단 처리 완료 후 수행
2023-05-10 11:48:11 [INFO] 후처리 수행
2023-05-10 11:48:11 [INFO] View단 처리 완료 후 수행
2023-05-10 11:49:26 [INFO] 후처리 수행
2023-05-10 11:49:26 [INFO] View단 처리 완료 후 수행
2023-05-10 11:49:26 [INFO] 후처리 수행
2023-05-10 11:49:26 [INFO] View단 처리 완료 후 수행
2023-05-10 11:49:26 [INFO] 후처리 수행
2023-05-10 11:49:26 [INFO] View단 처리 완료 후 수행
2023-05-10 11:49:28 [INFO] 후처리 수행
2023-05-10 11:49:28 [INFO] View단 처리 완료 후 수행
2023-05-10 11:49:28 [INFO] 후처리 수행
2023-05-10 11:49:28 [INFO] View단 처리 완료 후 수행
2023-05-10 11:49:32 [INFO] 후처리 수행
2023-05-10 11:49:32 [INFO] View단 처리 완료 후 수행
2023-05-10 11:49:33 [INFO] 후처리 수행
2023-05-10 11:49:33 [INFO] View단 처리 완료 후 수행
2023-05-10 11:49:33 [INFO] 후처리 수행
2023-05-10 11:49:33 [INFO] View단 처리 완료 후 수행
2023-05-10 11:49:33 [INFO] 후처리 수행
2023-05-10 11:49:33 [INFO] View단 처리 완료 후 수행
2023-05-10 11:49:33 [DEBUG] 500boardNo
2023-05-10 11:49:33 [INFO] 후처리 수행
2023-05-10 11:49:33 [INFO] View단 처리 완료 후 수행
2023-05-10 11:57:46 [INFO] 후처리 수행
2023-05-10 11:57:46 [INFO] View단 처리 완료 후 수행
2023-05-10 11:57:46 [INFO] 후처리 수행
2023-05-10 11:57:46 [INFO] View단 처리 완료 후 수행
2023-05-10 11:57:48 [INFO] 후처리 수행
2023-05-10 11:57:48 [INFO] View단 처리 완료 후 수행
2023-05-10 11:57:49 [INFO] 후처리 수행
2023-05-10 11:57:49 [INFO] View단 처리 완료 후 수행
2023-05-10 11:57:49 [INFO] 후처리 수행
2023-05-10 11:57:49 [INFO] View단 처리 완료 후 수행
2023-05-10 11:57:49 [INFO] 후처리 수행
2023-05-10 11:57:49 [INFO] View단 처리 완료 후 수행
2023-05-10 11:57:49 [DEBUG] 500boardNo
2023-05-10 11:57:49 [INFO] 후처리 수행
2023-05-10 11:57:49 [INFO] View단 처리 완료 후 수행
2023-05-10 12:04:52 [INFO] 초기화 필터 파괴
2023-05-10 12:18:24 [INFO] 초기화 필터 생성
2023-05-10 12:18:30 [INFO] 후처리 수행
2023-05-10 12:18:30 [INFO] View단 처리 완료 후 수행
2023-05-10 12:18:30 [INFO] 후처리 수행
2023-05-10 12:18:30 [INFO] View단 처리 완료 후 수행
2023-05-10 12:18:32 [INFO] 후처리 수행
2023-05-10 12:18:32 [INFO] View단 처리 완료 후 수행
2023-05-10 12:18:38 [INFO] 로그인 기능 수행됨
2023-05-10 12:18:38 [DEBUG] pass01! / $2a$10$hbfapQzRTrBEaXbOrQm0aexgjPR4SNFZSCECSgrRvRpuW1cw8fVgO
2023-05-10 12:18:38 [INFO] 후처리 수행
2023-05-10 12:18:38 [INFO] View단 처리 완료 후 수행
2023-05-10 12:18:38 [INFO] 후처리 수행
2023-05-10 12:18:38 [INFO] View단 처리 완료 후 수행
2023-05-10 12:18:38 [INFO] 후처리 수행
2023-05-10 12:18:38 [INFO] View단 처리 완료 후 수행
2023-05-10 12:18:41 [INFO] 후처리 수행
2023-05-10 12:18:41 [INFO] View단 처리 완료 후 수행
2023-05-10 12:18:42 [INFO] 후처리 수행
2023-05-10 12:18:42 [INFO] View단 처리 완료 후 수행
2023-05-10 12:18:42 [INFO] 후처리 수행
2023-05-10 12:18:42 [INFO] View단 처리 완료 후 수행
2023-05-10 12:18:42 [INFO] 후처리 수행
2023-05-10 12:18:42 [INFO] View단 처리 완료 후 수행
2023-05-10 12:18:42 [DEBUG] 500boardNo
2023-05-10 12:18:42 [INFO] 후처리 수행
2023-05-10 12:18:42 [INFO] View단 처리 완료 후 수행
2023-05-10 12:20:24 [INFO] 초기화 필터 파괴
2023-05-10 12:21:36 [INFO] 초기화 필터 생성
2023-05-10 12:21:42 [INFO] 후처리 수행
2023-05-10 12:21:42 [INFO] View단 처리 완료 후 수행
2023-05-10 12:21:42 [INFO] 후처리 수행
2023-05-10 12:21:42 [INFO] View단 처리 완료 후 수행
2023-05-10 12:21:50 [INFO] 로그인 기능 수행됨
2023-05-10 12:21:50 [DEBUG] pass01! / $2a$10$aDpHgnKPtJ3P1Y7mbWD2k.Y9beDz1AgKHxBOMS9J1/Fst6sZovS42
2023-05-10 12:21:50 [INFO] 후처리 수행
2023-05-10 12:21:50 [INFO] View단 처리 완료 후 수행
2023-05-10 12:21:50 [INFO] 후처리 수행
2023-05-10 12:21:50 [INFO] View단 처리 완료 후 수행
2023-05-10 12:21:50 [INFO] 후처리 수행
2023-05-10 12:21:50 [INFO] View단 처리 완료 후 수행
2023-05-10 12:21:51 [INFO] 후처리 수행
2023-05-10 12:21:51 [INFO] View단 처리 완료 후 수행
2023-05-10 12:21:52 [INFO] 후처리 수행
2023-05-10 12:21:52 [INFO] View단 처리 완료 후 수행
2023-05-10 12:21:53 [DEBUG] 500boardNo
2023-05-10 12:21:53 [INFO] 후처리 수행
2023-05-10 12:21:53 [INFO] View단 처리 완료 후 수행
2023-05-10 12:21:58 [INFO] 후처리 수행
2023-05-10 12:21:58 [INFO] View단 처리 완료 후 수행
2023-05-10 12:21:59 [DEBUG] 500boardNo
2023-05-10 12:21:59 [INFO] 후처리 수행
2023-05-10 12:21:59 [INFO] View단 처리 완료 후 수행
2023-05-10 12:22:13 [INFO] 후처리 수행
2023-05-10 12:22:13 [INFO] View단 처리 완료 후 수행
2023-05-10 12:22:14 [DEBUG] 500boardNo
2023-05-10 12:22:14 [INFO] 후처리 수행
2023-05-10 12:22:14 [INFO] View단 처리 완료 후 수행
2023-05-10 12:24:16 [INFO] 초기화 필터 파괴
2023-05-10 12:28:19 [INFO] 초기화 필터 생성
2023-05-10 12:28:25 [INFO] 후처리 수행
2023-05-10 12:28:25 [INFO] View단 처리 완료 후 수행
2023-05-10 12:28:25 [INFO] 후처리 수행
2023-05-10 12:28:25 [INFO] View단 처리 완료 후 수행
2023-05-10 12:28:27 [INFO] 후처리 수행
2023-05-10 12:28:27 [INFO] View단 처리 완료 후 수행
2023-05-10 12:28:28 [INFO] 후처리 수행
2023-05-10 12:28:28 [INFO] View단 처리 완료 후 수행
2023-05-10 12:28:28 [INFO] 후처리 수행
2023-05-10 12:28:28 [INFO] View단 처리 완료 후 수행
2023-05-10 12:28:29 [INFO] 후처리 수행
2023-05-10 12:28:29 [INFO] View단 처리 완료 후 수행
2023-05-10 12:28:33 [INFO] 로그인 기능 수행됨
2023-05-10 12:28:33 [DEBUG] pass01! / $2a$10$L0FQAOPdiwk2eQsvY6/0oebmf7agSeDqiv1cTPvmE6ckA.r8TguT6
2023-05-10 12:28:33 [INFO] 후처리 수행
2023-05-10 12:28:33 [INFO] View단 처리 완료 후 수행
2023-05-10 12:28:33 [INFO] 후처리 수행
2023-05-10 12:28:33 [INFO] View단 처리 완료 후 수행
2023-05-10 12:28:33 [INFO] 후처리 수행
2023-05-10 12:28:33 [INFO] View단 처리 완료 후 수행
2023-05-10 12:28:41 [INFO] 후처리 수행
2023-05-10 12:28:41 [INFO] View단 처리 완료 후 수행
2023-05-10 12:28:43 [INFO] 후처리 수행
2023-05-10 12:28:43 [INFO] View단 처리 완료 후 수행
2023-05-10 12:28:43 [INFO] 후처리 수행
2023-05-10 12:28:43 [INFO] View단 처리 완료 후 수행
2023-05-10 12:28:43 [INFO] 후처리 수행
2023-05-10 12:28:43 [INFO] View단 처리 완료 후 수행
2023-05-10 12:28:43 [DEBUG] 500boardNo
2023-05-10 12:28:43 [INFO] 후처리 수행
2023-05-10 12:28:43 [INFO] View단 처리 완료 후 수행
2023-05-10 12:28:55 [INFO] 후처리 수행
2023-05-10 12:28:55 [INFO] View단 처리 완료 후 수행
2023-05-10 12:28:56 [DEBUG] 500boardNo
2023-05-10 12:28:56 [INFO] 후처리 수행
2023-05-10 12:28:56 [INFO] View단 처리 완료 후 수행
2023-05-10 12:29:04 [INFO] 후처리 수행
2023-05-10 12:29:04 [INFO] View단 처리 완료 후 수행
2023-05-10 12:29:05 [DEBUG] 500boardNo
2023-05-10 12:29:05 [INFO] 후처리 수행
2023-05-10 12:29:05 [INFO] View단 처리 완료 후 수행
2023-05-10 12:32:32 [INFO] 초기화 필터 파괴
2023-05-10 12:36:50 [INFO] 초기화 필터 생성
2023-05-10 12:36:56 [INFO] 후처리 수행
2023-05-10 12:36:56 [INFO] View단 처리 완료 후 수행
2023-05-10 12:36:57 [INFO] 후처리 수행
2023-05-10 12:36:57 [INFO] View단 처리 완료 후 수행
2023-05-10 12:37:01 [INFO] 후처리 수행
2023-05-10 12:37:01 [INFO] View단 처리 완료 후 수행
2023-05-10 12:37:02 [INFO] 후처리 수행
2023-05-10 12:37:02 [INFO] View단 처리 완료 후 수행
2023-05-10 12:37:03 [INFO] 후처리 수행
2023-05-10 12:37:03 [INFO] View단 처리 완료 후 수행
2023-05-10 12:37:03 [INFO] 후처리 수행
2023-05-10 12:37:03 [INFO] View단 처리 완료 후 수행
2023-05-10 12:37:03 [DEBUG] 500boardNo
2023-05-10 12:37:03 [INFO] 후처리 수행
2023-05-10 12:37:03 [INFO] View단 처리 완료 후 수행
2023-05-10 12:37:07 [INFO] 후처리 수행
2023-05-10 12:37:07 [INFO] View단 처리 완료 후 수행
2023-05-10 12:37:07 [INFO] 후처리 수행
2023-05-10 12:37:07 [INFO] View단 처리 완료 후 수행
2023-05-10 12:37:12 [INFO] 로그인 기능 수행됨
2023-05-10 12:37:12 [DEBUG] pass01! / $2a$10$bxgQbAVG.XJPCw4hoYClNOq8vzTOlw/K9bpfAnrYrJ3klrOzLnLci
2023-05-10 12:37:12 [INFO] 후처리 수행
2023-05-10 12:37:12 [INFO] View단 처리 완료 후 수행
2023-05-10 12:37:12 [INFO] 후처리 수행
2023-05-10 12:37:12 [INFO] View단 처리 완료 후 수행
2023-05-10 12:37:41 [INFO] 후처리 수행
2023-05-10 12:37:41 [INFO] View단 처리 완료 후 수행
2023-05-10 12:37:43 [INFO] 후처리 수행
2023-05-10 12:37:43 [INFO] View단 처리 완료 후 수행
2023-05-10 12:37:44 [INFO] 후처리 수행
2023-05-10 12:37:44 [INFO] View단 처리 완료 후 수행
2023-05-10 12:37:45 [DEBUG] 500boardNo
2023-05-10 12:37:45 [INFO] 후처리 수행
2023-05-10 12:37:45 [INFO] View단 처리 완료 후 수행
2023-05-10 12:37:52 [INFO] 후처리 수행
2023-05-10 12:37:52 [INFO] View단 처리 완료 후 수행
2023-05-10 12:37:53 [DEBUG] 500boardNo
2023-05-10 12:37:53 [INFO] 후처리 수행
2023-05-10 12:37:53 [INFO] View단 처리 완료 후 수행
2023-05-10 12:37:55 [INFO] 후처리 수행
2023-05-10 12:37:55 [INFO] View단 처리 완료 후 수행
2023-05-10 12:37:55 [DEBUG] 500boardNo
2023-05-10 12:37:55 [INFO] 후처리 수행
2023-05-10 12:37:55 [INFO] View단 처리 완료 후 수행
2023-05-10 12:40:09 [INFO] 후처리 수행
2023-05-10 12:40:09 [INFO] View단 처리 완료 후 수행
2023-05-10 12:40:09 [INFO] 후처리 수행
2023-05-10 12:40:09 [INFO] View단 처리 완료 후 수행
2023-05-10 12:40:09 [INFO] 후처리 수행
2023-05-10 12:40:09 [INFO] View단 처리 완료 후 수행
2023-05-10 12:40:09 [INFO] 후처리 수행
2023-05-10 12:40:09 [INFO] View단 처리 완료 후 수행
2023-05-10 12:40:09 [INFO] 후처리 수행
2023-05-10 12:40:09 [INFO] View단 처리 완료 후 수행
2023-05-10 12:40:09 [INFO] 후처리 수행
2023-05-10 12:40:09 [INFO] View단 처리 완료 후 수행
2023-05-10 12:40:09 [INFO] 후처리 수행
2023-05-10 12:40:09 [INFO] View단 처리 완료 후 수행
2023-05-10 12:40:09 [INFO] 후처리 수행
2023-05-10 12:40:09 [INFO] View단 처리 완료 후 수행
2023-05-10 12:40:09 [INFO] 후처리 수행
2023-05-10 12:40:09 [INFO] View단 처리 완료 후 수행
2023-05-10 12:40:09 [INFO] 후처리 수행
2023-05-10 12:40:09 [INFO] View단 처리 완료 후 수행
2023-05-10 12:40:09 [INFO] 후처리 수행
2023-05-10 12:40:09 [INFO] View단 처리 완료 후 수행
2023-05-10 12:40:09 [INFO] 후처리 수행
2023-05-10 12:40:09 [INFO] View단 처리 완료 후 수행
2023-05-10 12:40:09 [INFO] 후처리 수행
2023-05-10 12:40:09 [INFO] View단 처리 완료 후 수행
2023-05-10 12:40:10 [DEBUG] 500boardNo
2023-05-10 12:40:10 [INFO] 후처리 수행
2023-05-10 12:40:10 [INFO] View단 처리 완료 후 수행
2023-05-10 12:40:13 [INFO] 후처리 수행
2023-05-10 12:40:13 [INFO] View단 처리 완료 후 수행
2023-05-10 12:40:13 [INFO] 후처리 수행
2023-05-10 12:40:13 [INFO] View단 처리 완료 후 수행
2023-05-10 12:40:13 [INFO] 후처리 수행
2023-05-10 12:40:13 [INFO] View단 처리 완료 후 수행
2023-05-10 12:40:13 [INFO] 후처리 수행
2023-05-10 12:40:13 [INFO] View단 처리 완료 후 수행
2023-05-10 12:40:13 [INFO] 후처리 수행
2023-05-10 12:40:13 [INFO] View단 처리 완료 후 수행
2023-05-10 12:40:13 [INFO] 후처리 수행
2023-05-10 12:40:13 [INFO] View단 처리 완료 후 수행
2023-05-10 12:40:13 [INFO] 후처리 수행
2023-05-10 12:40:13 [INFO] View단 처리 완료 후 수행
2023-05-10 12:40:13 [INFO] 후처리 수행
2023-05-10 12:40:13 [INFO] View단 처리 완료 후 수행
2023-05-10 12:40:13 [INFO] 후처리 수행
2023-05-10 12:40:13 [INFO] View단 처리 완료 후 수행
2023-05-10 12:40:13 [INFO] 후처리 수행
2023-05-10 12:40:13 [INFO] View단 처리 완료 후 수행
2023-05-10 12:40:13 [INFO] 후처리 수행
2023-05-10 12:40:13 [INFO] View단 처리 완료 후 수행
2023-05-10 12:40:13 [INFO] 후처리 수행
2023-05-10 12:40:13 [INFO] 후처리 수행
2023-05-10 12:40:13 [INFO] View단 처리 완료 후 수행
2023-05-10 12:40:13 [INFO] View단 처리 완료 후 수행
2023-05-10 12:40:13 [INFO] 초기화 필터 파괴
2023-05-10 12:40:35 [INFO] 초기화 필터 생성
2023-05-10 12:40:40 [INFO] 후처리 수행
2023-05-10 12:40:40 [INFO] View단 처리 완료 후 수행
2023-05-10 12:40:41 [INFO] 후처리 수행
2023-05-10 12:40:41 [INFO] View단 처리 완료 후 수행
2023-05-10 12:40:42 [INFO] 후처리 수행
2023-05-10 12:40:42 [INFO] View단 처리 완료 후 수행
2023-05-10 12:40:45 [INFO] 후처리 수행
2023-05-10 12:40:45 [INFO] View단 처리 완료 후 수행
2023-05-10 12:40:45 [INFO] 후처리 수행
2023-05-10 12:40:45 [INFO] View단 처리 완료 후 수행
2023-05-10 12:40:51 [INFO] 로그인 기능 수행됨
2023-05-10 12:40:51 [DEBUG] PASS01! / $2a$10$DbS/.mvuXwcflVXnjtci7.h0t8FDx4RlK7qisJmsKjWph9VTD.yyu
2023-05-10 12:40:51 [INFO] 후처리 수행
2023-05-10 12:40:51 [INFO] View단 처리 완료 후 수행
2023-05-10 12:40:51 [INFO] 후처리 수행
2023-05-10 12:40:52 [INFO] View단 처리 완료 후 수행
2023-05-10 12:40:52 [INFO] 후처리 수행
2023-05-10 12:40:52 [INFO] View단 처리 완료 후 수행
2023-05-10 12:40:57 [INFO] 로그인 기능 수행됨
2023-05-10 12:40:57 [DEBUG] PASS01! / $2a$10$J72z3NaLN5RsagUKggFizOTlpWOko9/eQGzQ2/LtrrxSZGtnOebL2
2023-05-10 12:40:57 [INFO] 후처리 수행
2023-05-10 12:40:57 [INFO] View단 처리 완료 후 수행
2023-05-10 12:40:57 [INFO] 후처리 수행
2023-05-10 12:40:57 [INFO] View단 처리 완료 후 수행
2023-05-10 12:40:57 [INFO] 후처리 수행
2023-05-10 12:40:57 [INFO] View단 처리 완료 후 수행
2023-05-10 12:41:04 [INFO] 로그인 기능 수행됨
2023-05-10 12:41:04 [DEBUG] pass01! / $2a$10$u8xIqhaTculyYr7NGqZvy.SUaTMj.7RcFFp.aQ6SbUb2KxbwnTxcK
2023-05-10 12:41:04 [INFO] 후처리 수행
2023-05-10 12:41:04 [INFO] View단 처리 완료 후 수행
2023-05-10 12:41:04 [INFO] 후처리 수행
2023-05-10 12:41:04 [INFO] View단 처리 완료 후 수행
2023-05-10 12:41:06 [INFO] 후처리 수행
2023-05-10 12:41:06 [INFO] View단 처리 완료 후 수행
2023-05-10 12:41:09 [INFO] 후처리 수행
2023-05-10 12:41:09 [INFO] View단 처리 완료 후 수행
2023-05-10 12:41:09 [DEBUG] 500boardNo
2023-05-10 12:41:09 [INFO] 후처리 수행
2023-05-10 12:41:09 [INFO] View단 처리 완료 후 수행
2023-05-10 12:41:15 [INFO] 후처리 수행
2023-05-10 12:41:15 [INFO] View단 처리 완료 후 수행
2023-05-10 12:41:16 [DEBUG] 500boardNo
2023-05-10 12:41:16 [INFO] 후처리 수행
2023-05-10 12:41:16 [INFO] View단 처리 완료 후 수행
2023-05-10 12:41:41 [INFO] 후처리 수행
2023-05-10 12:41:41 [INFO] View단 처리 완료 후 수행
2023-05-10 12:41:42 [DEBUG] 500boardNo
2023-05-10 12:41:42 [INFO] 후처리 수행
2023-05-10 12:41:42 [INFO] View단 처리 완료 후 수행
2023-05-10 12:41:47 [INFO] 후처리 수행
2023-05-10 12:41:47 [INFO] View단 처리 완료 후 수행
2023-05-10 12:41:49 [DEBUG] 500boardNo
2023-05-10 12:41:49 [INFO] 후처리 수행
2023-05-10 12:41:49 [INFO] View단 처리 완료 후 수행
2023-05-10 12:41:53 [INFO] 후처리 수행
2023-05-10 12:41:53 [INFO] View단 처리 완료 후 수행
2023-05-10 12:41:55 [DEBUG] 500boardNo
2023-05-10 12:41:55 [INFO] 후처리 수행
2023-05-10 12:41:55 [INFO] View단 처리 완료 후 수행
2023-05-10 12:42:00 [INFO] 후처리 수행
2023-05-10 12:42:00 [INFO] View단 처리 완료 후 수행
2023-05-10 12:42:01 [DEBUG] 500boardNo
2023-05-10 12:42:01 [INFO] 후처리 수행
2023-05-10 12:42:01 [INFO] View단 처리 완료 후 수행
2023-05-10 12:42:06 [INFO] 후처리 수행
2023-05-10 12:42:06 [INFO] View단 처리 완료 후 수행
2023-05-10 12:42:07 [DEBUG] 500boardNo
2023-05-10 12:42:07 [INFO] 후처리 수행
2023-05-10 12:42:07 [INFO] View단 처리 완료 후 수행
2023-05-10 12:42:18 [INFO] 후처리 수행
2023-05-10 12:42:18 [INFO] View단 처리 완료 후 수행
2023-05-10 12:42:19 [DEBUG] 500boardNo
2023-05-10 12:42:19 [INFO] 후처리 수행
2023-05-10 12:42:19 [INFO] View단 처리 완료 후 수행
2023-05-10 12:43:57 [INFO] 초기화 필터 파괴
2023-05-10 13:36:20 [INFO] 초기화 필터 생성
2023-05-10 13:36:26 [INFO] 후처리 수행
2023-05-10 13:36:26 [INFO] View단 처리 완료 후 수행
2023-05-10 13:36:26 [INFO] 후처리 수행
2023-05-10 13:36:26 [INFO] View단 처리 완료 후 수행
2023-05-10 13:36:32 [INFO] 로그인 기능 수행됨
2023-05-10 13:36:33 [DEBUG] pass01! / $2a$10$sWXorbFoCIvX23W4OgnrX.dJrQUylH4U.0miZXJvY24LOmDJElC0O
2023-05-10 13:36:33 [INFO] 후처리 수행
2023-05-10 13:36:33 [INFO] View단 처리 완료 후 수행
2023-05-10 13:36:33 [INFO] 후처리 수행
2023-05-10 13:36:33 [INFO] View단 처리 완료 후 수행
2023-05-10 13:36:33 [INFO] 후처리 수행
2023-05-10 13:36:33 [INFO] View단 처리 완료 후 수행
2023-05-10 13:36:34 [INFO] 후처리 수행
2023-05-10 13:36:34 [INFO] View단 처리 완료 후 수행
2023-05-10 13:36:36 [INFO] 후처리 수행
2023-05-10 13:36:36 [INFO] View단 처리 완료 후 수행
2023-05-10 13:36:36 [INFO] 후처리 수행
2023-05-10 13:36:36 [INFO] 후처리 수행
2023-05-10 13:36:36 [INFO] View단 처리 완료 후 수행
2023-05-10 13:36:36 [INFO] View단 처리 완료 후 수행
2023-05-10 13:36:36 [DEBUG] 500boardNo
2023-05-10 13:36:36 [INFO] 후처리 수행
2023-05-10 13:36:36 [INFO] View단 처리 완료 후 수행
2023-05-10 13:37:33 [INFO] 후처리 수행
2023-05-10 13:37:33 [INFO] View단 처리 완료 후 수행
2023-05-10 13:37:34 [DEBUG] 500boardNo
2023-05-10 13:37:34 [INFO] 후처리 수행
2023-05-10 13:37:34 [INFO] View단 처리 완료 후 수행
2023-05-10 13:37:53 [INFO] 후처리 수행
2023-05-10 13:37:54 [INFO] View단 처리 완료 후 수행
2023-05-10 13:37:55 [INFO] 로그아웃 수행됨
2023-05-10 13:37:55 [INFO] 후처리 수행
2023-05-10 13:37:55 [INFO] View단 처리 완료 후 수행
2023-05-10 13:37:55 [INFO] 후처리 수행
2023-05-10 13:37:55 [INFO] View단 처리 완료 후 수행
2023-05-10 13:37:55 [INFO] 후처리 수행
2023-05-10 13:37:55 [INFO] View단 처리 완료 후 수행
2023-05-10 13:38:05 [INFO] 후처리 수행
2023-05-10 13:38:05 [INFO] View단 처리 완료 후 수행
2023-05-10 13:38:06 [INFO] 로그인 기능 수행됨
2023-05-10 13:38:06 [DEBUG] pass07! / $2a$10$MOvTVWbGDv54N9QUWCnSqORvbwEVgimFsouRMyNosWmBQnVv/wfNa
2023-05-10 13:38:06 [INFO] 후처리 수행
2023-05-10 13:38:06 [INFO] View단 처리 완료 후 수행
2023-05-10 13:38:06 [INFO] 후처리 수행
2023-05-10 13:38:06 [INFO] View단 처리 완료 후 수행
2023-05-10 13:38:06 [INFO] 후처리 수행
2023-05-10 13:38:06 [INFO] View단 처리 완료 후 수행
2023-05-10 13:38:10 [INFO] 후처리 수행
2023-05-10 13:38:10 [INFO] View단 처리 완료 후 수행
2023-05-10 13:38:12 [INFO] 후처리 수행
2023-05-10 13:38:12 [INFO] View단 처리 완료 후 수행
2023-05-10 13:38:12 [DEBUG] 500boardNo
2023-05-10 13:38:12 [INFO] 후처리 수행
2023-05-10 13:38:12 [INFO] View단 처리 완료 후 수행
2023-05-10 13:38:20 [INFO] 후처리 수행
2023-05-10 13:38:20 [INFO] View단 처리 완료 후 수행
2023-05-10 13:38:21 [DEBUG] 500boardNo
2023-05-10 13:38:21 [INFO] 후처리 수행
2023-05-10 13:38:21 [INFO] View단 처리 완료 후 수행
2023-05-10 13:38:39 [INFO] 후처리 수행
2023-05-10 13:38:39 [INFO] View단 처리 완료 후 수행
2023-05-10 13:38:40 [DEBUG] 500boardNo
2023-05-10 13:38:40 [INFO] 후처리 수행
2023-05-10 13:38:40 [INFO] View단 처리 완료 후 수행
2023-05-10 13:39:04 [INFO] 후처리 수행
2023-05-10 13:39:04 [INFO] View단 처리 완료 후 수행
2023-05-10 13:39:06 [DEBUG] 500boardNo
2023-05-10 13:39:06 [INFO] 후처리 수행
2023-05-10 13:39:06 [INFO] View단 처리 완료 후 수행
2023-05-10 13:44:02 [INFO] 초기화 필터 파괴
2023-05-10 14:12:30 [INFO] 초기화 필터 생성
2023-05-10 14:12:36 [INFO] 후처리 수행
2023-05-10 14:12:36 [INFO] View단 처리 완료 후 수행
2023-05-10 14:12:37 [INFO] 후처리 수행
2023-05-10 14:12:37 [INFO] View단 처리 완료 후 수행
2023-05-10 14:12:46 [INFO] 후처리 수행
2023-05-10 14:12:46 [INFO] View단 처리 완료 후 수행
2023-05-10 14:12:47 [INFO] 후처리 수행
2023-05-10 14:12:47 [INFO] View단 처리 완료 후 수행
2023-05-10 14:12:47 [INFO] 후처리 수행
2023-05-10 14:12:47 [INFO] 후처리 수행
2023-05-10 14:12:47 [INFO] View단 처리 완료 후 수행
2023-05-10 14:12:47 [INFO] View단 처리 완료 후 수행
2023-05-10 14:12:48 [INFO] 후처리 수행
2023-05-10 14:12:48 [INFO] View단 처리 완료 후 수행
2023-05-10 14:12:48 [INFO] 후처리 수행
2023-05-10 14:12:48 [INFO] View단 처리 완료 후 수행
2023-05-10 14:37:38 [INFO] 초기화 필터 생성
2023-05-10 14:37:44 [INFO] 후처리 수행
2023-05-10 14:37:44 [INFO] View단 처리 완료 후 수행
2023-05-10 14:37:44 [INFO] 후처리 수행
2023-05-10 14:37:44 [INFO] View단 처리 완료 후 수행
2023-05-10 14:37:46 [INFO] 후처리 수행
2023-05-10 14:37:46 [INFO] View단 처리 완료 후 수행
2023-05-10 14:37:47 [INFO] 후처리 수행
2023-05-10 14:37:47 [INFO] View단 처리 완료 후 수행
2023-05-10 14:37:47 [INFO] 후처리 수행
2023-05-10 14:37:47 [INFO] 후처리 수행
2023-05-10 14:37:47 [INFO] View단 처리 완료 후 수행
2023-05-10 14:37:47 [INFO] View단 처리 완료 후 수행
2023-05-10 14:37:47 [INFO] 후처리 수행
2023-05-10 14:37:47 [INFO] View단 처리 완료 후 수행
2023-05-10 14:37:47 [INFO] 후처리 수행
2023-05-10 14:37:47 [INFO] View단 처리 완료 후 수행
2023-05-10 14:38:10 [INFO] 후처리 수행
2023-05-10 14:38:10 [INFO] View단 처리 완료 후 수행
2023-05-10 14:38:12 [INFO] 후처리 수행
2023-05-10 14:38:12 [INFO] View단 처리 완료 후 수행
2023-05-10 14:38:12 [INFO] 후처리 수행
2023-05-10 14:38:12 [INFO] View단 처리 완료 후 수행
2023-05-10 14:38:19 [INFO] 후처리 수행
2023-05-10 14:38:21 [INFO] View단 처리 완료 후 수행
2023-05-10 14:38:21 [INFO] 후처리 수행
2023-05-10 14:38:21 [INFO] View단 처리 완료 후 수행
2023-05-10 14:38:21 [INFO] 후처리 수행
2023-05-10 14:38:21 [INFO] View단 처리 완료 후 수행
2023-05-10 14:38:30 [INFO] 후처리 수행
2023-05-10 14:38:30 [INFO] View단 처리 완료 후 수행
2023-05-10 14:38:30 [INFO] 후처리 수행
2023-05-10 14:38:30 [INFO] View단 처리 완료 후 수행
2023-05-10 14:38:31 [INFO] 후처리 수행
2023-05-10 14:38:31 [INFO] View단 처리 완료 후 수행
2023-05-10 14:38:47 [INFO] 후처리 수행
2023-05-10 14:38:47 [INFO] View단 처리 완료 후 수행
2023-05-10 14:38:48 [INFO] 후처리 수행
2023-05-10 14:38:48 [INFO] View단 처리 완료 후 수행
2023-05-10 14:38:48 [INFO] 후처리 수행
2023-05-10 14:38:48 [INFO] View단 처리 완료 후 수행
2023-05-10 14:38:48 [INFO] 후처리 수행
2023-05-10 14:38:48 [INFO] View단 처리 완료 후 수행
2023-05-10 14:38:48 [INFO] 후처리 수행
2023-05-10 14:38:48 [INFO] View단 처리 완료 후 수행
2023-05-10 14:38:48 [INFO] 후처리 수행
2023-05-10 14:38:48 [INFO] View단 처리 완료 후 수행
2023-05-10 14:38:48 [INFO] 후처리 수행
2023-05-10 14:38:48 [INFO] View단 처리 완료 후 수행
2023-05-10 14:38:48 [INFO] 후처리 수행
2023-05-10 14:38:48 [INFO] View단 처리 완료 후 수행
2023-05-10 14:38:48 [INFO] 후처리 수행
2023-05-10 14:38:48 [INFO] View단 처리 완료 후 수행
2023-05-10 14:38:48 [INFO] 후처리 수행
2023-05-10 14:38:48 [INFO] View단 처리 완료 후 수행
2023-05-10 14:38:48 [INFO] 후처리 수행
2023-05-10 14:38:48 [INFO] View단 처리 완료 후 수행
2023-05-10 14:38:49 [INFO] 후처리 수행
2023-05-10 14:38:49 [INFO] View단 처리 완료 후 수행
2023-05-10 14:38:49 [INFO] 후처리 수행
2023-05-10 14:38:49 [INFO] View단 처리 완료 후 수행
2023-05-10 14:38:49 [INFO] 후처리 수행
2023-05-10 14:38:49 [INFO] View단 처리 완료 후 수행
2023-05-10 14:38:49 [INFO] 후처리 수행
2023-05-10 14:38:49 [INFO] View단 처리 완료 후 수행
2023-05-10 14:38:50 [INFO] 후처리 수행
2023-05-10 14:38:50 [INFO] View단 처리 완료 후 수행
2023-05-10 14:38:50 [INFO] 후처리 수행
2023-05-10 14:38:50 [INFO] View단 처리 완료 후 수행
2023-05-10 14:39:29 [INFO] 후처리 수행
2023-05-10 14:39:29 [INFO] View단 처리 완료 후 수행
2023-05-10 14:39:29 [INFO] 후처리 수행
2023-05-10 14:39:29 [INFO] View단 처리 완료 후 수행
2023-05-10 14:39:29 [INFO] 후처리 수행
2023-05-10 14:39:29 [INFO] View단 처리 완료 후 수행
2023-05-10 14:39:39 [INFO] 후처리 수행
2023-05-10 14:39:39 [INFO] View단 처리 완료 후 수행
2023-05-10 14:39:46 [INFO] 로그인 기능 수행됨
2023-05-10 14:39:46 [DEBUG] pass08! / $2a$10$nBk9miNe9OTyesCOraOdL.P3NOy7m68IPfCn4E0uFw9z2sF1jFXA.
2023-05-10 14:39:46 [INFO] 후처리 수행
2023-05-10 14:39:46 [INFO] View단 처리 완료 후 수행
2023-05-10 14:39:46 [INFO] 후처리 수행
2023-05-10 14:39:46 [INFO] View단 처리 완료 후 수행
2023-05-10 14:39:49 [INFO] 후처리 수행
2023-05-10 14:39:49 [INFO] View단 처리 완료 후 수행
2023-05-10 14:40:47 [INFO] 후처리 수행
2023-05-10 14:40:47 [INFO] View단 처리 완료 후 수행
2023-05-10 14:40:47 [INFO] 후처리 수행
2023-05-10 14:40:47 [INFO] View단 처리 완료 후 수행
2023-05-10 14:40:47 [INFO] 후처리 수행
2023-05-10 14:40:47 [INFO] View단 처리 완료 후 수행
2023-05-10 14:40:50 [INFO] 후처리 수행
2023-05-10 14:40:50 [INFO] View단 처리 완료 후 수행
2023-05-10 14:40:50 [INFO] 후처리 수행
2023-05-10 14:40:50 [INFO] View단 처리 완료 후 수행
2023-05-10 14:40:54 [INFO] 후처리 수행
2023-05-10 14:40:54 [INFO] View단 처리 완료 후 수행
2023-05-10 14:40:55 [INFO] 후처리 수행
2023-05-10 14:40:55 [INFO] View단 처리 완료 후 수행
2023-05-10 14:40:55 [INFO] 후처리 수행
2023-05-10 14:40:55 [INFO] View단 처리 완료 후 수행
2023-05-10 14:41:06 [INFO] 후처리 수행
2023-05-10 14:41:06 [INFO] View단 처리 완료 후 수행
2023-05-10 14:41:08 [INFO] 후처리 수행
2023-05-10 14:41:08 [INFO] View단 처리 완료 후 수행
2023-05-10 14:41:08 [INFO] 후처리 수행
2023-05-10 14:41:08 [INFO] View단 처리 완료 후 수행
2023-05-10 14:41:29 [INFO] 후처리 수행
2023-05-10 14:41:29 [INFO] View단 처리 완료 후 수행
2023-05-10 14:41:30 [INFO] 후처리 수행
2023-05-10 14:41:30 [INFO] View단 처리 완료 후 수행
2023-05-10 14:41:46 [INFO] 후처리 수행
2023-05-10 14:41:46 [INFO] View단 처리 완료 후 수행
2023-05-10 14:41:47 [INFO] 후처리 수행
2023-05-10 14:41:47 [INFO] View단 처리 완료 후 수행
2023-05-10 14:41:54 [INFO] 후처리 수행
2023-05-10 14:41:54 [INFO] View단 처리 완료 후 수행
2023-05-10 14:41:55 [INFO] 후처리 수행
2023-05-10 14:41:55 [INFO] View단 처리 완료 후 수행
2023-05-10 14:52:04 [INFO] 후처리 수행
2023-05-10 14:52:04 [INFO] View단 처리 완료 후 수행
2023-05-10 14:52:08 [INFO] 후처리 수행
2023-05-10 14:52:08 [INFO] View단 처리 완료 후 수행
2023-05-10 14:52:09 [INFO] 후처리 수행
2023-05-10 14:52:09 [INFO] View단 처리 완료 후 수행
2023-05-10 14:52:10 [INFO] 후처리 수행
2023-05-10 14:52:10 [INFO] View단 처리 완료 후 수행
2023-05-10 14:52:10 [INFO] 후처리 수행
2023-05-10 14:52:10 [INFO] View단 처리 완료 후 수행
2023-05-10 14:52:11 [INFO] 후처리 수행
2023-05-10 14:52:11 [INFO] View단 처리 완료 후 수행
2023-05-10 14:52:12 [INFO] 후처리 수행
2023-05-10 14:52:12 [INFO] View단 처리 완료 후 수행
2023-05-10 14:52:14 [INFO] 후처리 수행
2023-05-10 14:52:14 [INFO] View단 처리 완료 후 수행
2023-05-10 14:52:14 [INFO] 후처리 수행
2023-05-10 14:52:14 [INFO] View단 처리 완료 후 수행
2023-05-10 14:52:14 [INFO] 후처리 수행
2023-05-10 14:52:14 [INFO] View단 처리 완료 후 수행
2023-05-10 14:53:06 [INFO] 후처리 수행
2023-05-10 14:53:06 [INFO] View단 처리 완료 후 수행
2023-05-10 14:53:09 [INFO] 후처리 수행
2023-05-10 14:53:09 [INFO] View단 처리 완료 후 수행
2023-05-10 14:53:09 [INFO] 후처리 수행
2023-05-10 14:53:09 [INFO] View단 처리 완료 후 수행
